2026-01-30 02:46:25 [ERROR]: Error: Invalid login: 535-5.7.8 Username and Password not accepted. For more information, go to
535 5.7.8  https://support.google.com/mail/?p=BadCredentials 98e67ed59e1d1-3540f17955asm6086547a91.0 - gsmtp
    at SMTPConnection._formatError (/Users/adityapachauri/Desktop/claims-website/backend/node_modules/nodemailer/lib/smtp-connection/index.js:809:19)
    at SMTPConnection._actionAUTHComplete (/Users/adityapachauri/Desktop/claims-website/backend/node_modules/nodemailer/lib/smtp-connection/index.js:1588:34)
    at SMTPConnection.<anonymous> (/Users/adityapachauri/Desktop/claims-website/backend/node_modules/nodemailer/lib/smtp-connection/index.js:556:26)
    at SMTPConnection._processResponse (/Users/adityapachauri/Desktop/claims-website/backend/node_modules/nodemailer/lib/smtp-connection/index.js:993:20)
    at SMTPConnection._onData (/Users/adityapachauri/Desktop/claims-website/backend/node_modules/nodemailer/lib/smtp-connection/index.js:774:14)
    at SMTPConnection._onSocketData (/Users/adityapachauri/Desktop/claims-website/backend/node_modules/nodemailer/lib/smtp-connection/index.js:195:44)
    at TLSSocket.emit (node:events:508:20)
    at addChunk (node:internal/streams/readable:564:12)
    at readableAddChunkPushByteMode (node:internal/streams/readable:515:3)
    at Readable.push (node:internal/streams/readable:395:5)
2026-01-30 02:49:42 [ERROR]: Error: Invalid login: 535-5.7.8 Username and Password not accepted. For more information, go to
535 5.7.8  https://support.google.com/mail/?p=BadCredentials d2e1a72fcca58-82379b4ea8bsm7646732b3a.22 - gsmtp
    at SMTPConnection._formatError (/Users/adityapachauri/Desktop/claims-website/backend/node_modules/nodemailer/lib/smtp-connection/index.js:809:19)
    at SMTPConnection._actionAUTHComplete (/Users/adityapachauri/Desktop/claims-website/backend/node_modules/nodemailer/lib/smtp-connection/index.js:1588:34)
    at SMTPConnection.<anonymous> (/Users/adityapachauri/Desktop/claims-website/backend/node_modules/nodemailer/lib/smtp-connection/index.js:556:26)
    at SMTPConnection._processResponse (/Users/adityapachauri/Desktop/claims-website/backend/node_modules/nodemailer/lib/smtp-connection/index.js:993:20)
    at SMTPConnection._onData (/Users/adityapachauri/Desktop/claims-website/backend/node_modules/nodemailer/lib/smtp-connection/index.js:774:14)
    at SMTPConnection._onSocketData (/Users/adityapachauri/Desktop/claims-website/backend/node_modules/nodemailer/lib/smtp-connection/index.js:195:44)
    at TLSSocket.emit (node:events:508:20)
    at addChunk (node:internal/streams/readable:564:12)
    at readableAddChunkPushByteMode (node:internal/streams/readable:515:3)
    at Readable.push (node:internal/streams/readable:395:5)
