2026-02-01 01:27:22 [ERROR]: JsonWebTokenError: jwt malformed
    at module.exports [as verify] (/Users/adityapachauri/Desktop/claims-website/backend/node_modules/jsonwebtoken/verify.js:70:17)
    at protect (/Users/adityapachauri/Desktop/claims-website/backend/middleware/auth.js:24:29)
    at Layer.handle [as handle_request] (/Users/adityapachauri/Desktop/claims-website/backend/node_modules/express/lib/router/layer.js:95:5)
    at next (/Users/adityapachauri/Desktop/claims-website/backend/node_modules/express/lib/router/route.js:149:13)
    at Route.dispatch (/Users/adityapachauri/Desktop/claims-website/backend/node_modules/express/lib/router/route.js:119:3)
    at Layer.handle [as handle_request] (/Users/adityapachauri/Desktop/claims-website/backend/node_modules/express/lib/router/layer.js:95:5)
    at /Users/adityapachauri/Desktop/claims-website/backend/node_modules/express/lib/router/index.js:284:15
    at router.process_params (/Users/adityapachauri/Desktop/claims-website/backend/node_modules/express/lib/router/index.js:346:12)
    at next (/Users/adityapachauri/Desktop/claims-website/backend/node_modules/express/lib/router/index.js:280:10)
    at router.handle (/Users/adityapachauri/Desktop/claims-website/backend/node_modules/express/lib/router/index.js:175:3)
2026-02-01 01:27:22 [ERROR]: JsonWebTokenError: jwt malformed
    at module.exports [as verify] (/Users/adityapachauri/Desktop/claims-website/backend/node_modules/jsonwebtoken/verify.js:70:17)
    at protect (/Users/adityapachauri/Desktop/claims-website/backend/middleware/auth.js:24:29)
    at Layer.handle [as handle_request] (/Users/adityapachauri/Desktop/claims-website/backend/node_modules/express/lib/router/layer.js:95:5)
    at next (/Users/adityapachauri/Desktop/claims-website/backend/node_modules/express/lib/router/route.js:149:13)
    at Route.dispatch (/Users/adityapachauri/Desktop/claims-website/backend/node_modules/express/lib/router/route.js:119:3)
    at Layer.handle [as handle_request] (/Users/adityapachauri/Desktop/claims-website/backend/node_modules/express/lib/router/layer.js:95:5)
    at /Users/adityapachauri/Desktop/claims-website/backend/node_modules/express/lib/router/index.js:284:15
    at router.process_params (/Users/adityapachauri/Desktop/claims-website/backend/node_modules/express/lib/router/index.js:346:12)
    at next (/Users/adityapachauri/Desktop/claims-website/backend/node_modules/express/lib/router/index.js:280:10)
    at router.handle (/Users/adityapachauri/Desktop/claims-website/backend/node_modules/express/lib/router/index.js:175:3)
2026-02-01 01:27:22 [ERROR]: JsonWebTokenError: jwt malformed
    at module.exports [as verify] (/Users/adityapachauri/Desktop/claims-website/backend/node_modules/jsonwebtoken/verify.js:70:17)
    at protect (/Users/adityapachauri/Desktop/claims-website/backend/middleware/auth.js:24:29)
    at Layer.handle [as handle_request] (/Users/adityapachauri/Desktop/claims-website/backend/node_modules/express/lib/router/layer.js:95:5)
    at next (/Users/adityapachauri/Desktop/claims-website/backend/node_modules/express/lib/router/route.js:149:13)
    at Route.dispatch (/Users/adityapachauri/Desktop/claims-website/backend/node_modules/express/lib/router/route.js:119:3)
    at Layer.handle [as handle_request] (/Users/adityapachauri/Desktop/claims-website/backend/node_modules/express/lib/router/layer.js:95:5)
    at /Users/adityapachauri/Desktop/claims-website/backend/node_modules/express/lib/router/index.js:284:15
    at router.process_params (/Users/adityapachauri/Desktop/claims-website/backend/node_modules/express/lib/router/index.js:346:12)
    at next (/Users/adityapachauri/Desktop/claims-website/backend/node_modules/express/lib/router/index.js:280:10)
    at router.handle (/Users/adityapachauri/Desktop/claims-website/backend/node_modules/express/lib/router/index.js:175:3)
2026-02-01 01:27:23 [ERROR]: JsonWebTokenError: jwt malformed
    at module.exports [as verify] (/Users/adityapachauri/Desktop/claims-website/backend/node_modules/jsonwebtoken/verify.js:70:17)
    at protect (/Users/adityapachauri/Desktop/claims-website/backend/middleware/auth.js:24:29)
    at Layer.handle [as handle_request] (/Users/adityapachauri/Desktop/claims-website/backend/node_modules/express/lib/router/layer.js:95:5)
    at next (/Users/adityapachauri/Desktop/claims-website/backend/node_modules/express/lib/router/route.js:149:13)
    at Route.dispatch (/Users/adityapachauri/Desktop/claims-website/backend/node_modules/express/lib/router/route.js:119:3)
    at Layer.handle [as handle_request] (/Users/adityapachauri/Desktop/claims-website/backend/node_modules/express/lib/router/layer.js:95:5)
    at /Users/adityapachauri/Desktop/claims-website/backend/node_modules/express/lib/router/index.js:284:15
    at router.process_params (/Users/adityapachauri/Desktop/claims-website/backend/node_modules/express/lib/router/index.js:346:12)
    at next (/Users/adityapachauri/Desktop/claims-website/backend/node_modules/express/lib/router/index.js:280:10)
    at router.handle (/Users/adityapachauri/Desktop/claims-website/backend/node_modules/express/lib/router/index.js:175:3)
2026-02-01 01:27:38 [ERROR]: JsonWebTokenError: jwt malformed
    at module.exports [as verify] (/Users/adityapachauri/Desktop/claims-website/backend/node_modules/jsonwebtoken/verify.js:70:17)
    at protect (/Users/adityapachauri/Desktop/claims-website/backend/middleware/auth.js:24:29)
    at Layer.handle [as handle_request] (/Users/adityapachauri/Desktop/claims-website/backend/node_modules/express/lib/router/layer.js:95:5)
    at next (/Users/adityapachauri/Desktop/claims-website/backend/node_modules/express/lib/router/route.js:149:13)
    at Route.dispatch (/Users/adityapachauri/Desktop/claims-website/backend/node_modules/express/lib/router/route.js:119:3)
    at Layer.handle [as handle_request] (/Users/adityapachauri/Desktop/claims-website/backend/node_modules/express/lib/router/layer.js:95:5)
    at /Users/adityapachauri/Desktop/claims-website/backend/node_modules/express/lib/router/index.js:284:15
    at router.process_params (/Users/adityapachauri/Desktop/claims-website/backend/node_modules/express/lib/router/index.js:346:12)
    at next (/Users/adityapachauri/Desktop/claims-website/backend/node_modules/express/lib/router/index.js:280:10)
    at router.handle (/Users/adityapachauri/Desktop/claims-website/backend/node_modules/express/lib/router/index.js:175:3)
2026-02-01 01:47:33 [ERROR]: JsonWebTokenError: jwt malformed
    at module.exports [as verify] (/Users/adityapachauri/Desktop/claims-website/backend/node_modules/jsonwebtoken/verify.js:70:17)
    at protect (/Users/adityapachauri/Desktop/claims-website/backend/middleware/auth.js:24:29)
    at Layer.handle [as handle_request] (/Users/adityapachauri/Desktop/claims-website/backend/node_modules/express/lib/router/layer.js:95:5)
    at next (/Users/adityapachauri/Desktop/claims-website/backend/node_modules/express/lib/router/route.js:149:13)
    at Route.dispatch (/Users/adityapachauri/Desktop/claims-website/backend/node_modules/express/lib/router/route.js:119:3)
    at Layer.handle [as handle_request] (/Users/adityapachauri/Desktop/claims-website/backend/node_modules/express/lib/router/layer.js:95:5)
    at /Users/adityapachauri/Desktop/claims-website/backend/node_modules/express/lib/router/index.js:284:15
    at router.process_params (/Users/adityapachauri/Desktop/claims-website/backend/node_modules/express/lib/router/index.js:346:12)
    at next (/Users/adityapachauri/Desktop/claims-website/backend/node_modules/express/lib/router/index.js:280:10)
    at router.handle (/Users/adityapachauri/Desktop/claims-website/backend/node_modules/express/lib/router/index.js:175:3)
2026-02-01 01:47:33 [ERROR]: JsonWebTokenError: jwt malformed
    at module.exports [as verify] (/Users/adityapachauri/Desktop/claims-website/backend/node_modules/jsonwebtoken/verify.js:70:17)
    at protect (/Users/adityapachauri/Desktop/claims-website/backend/middleware/auth.js:24:29)
    at Layer.handle [as handle_request] (/Users/adityapachauri/Desktop/claims-website/backend/node_modules/express/lib/router/layer.js:95:5)
    at next (/Users/adityapachauri/Desktop/claims-website/backend/node_modules/express/lib/router/route.js:149:13)
    at Route.dispatch (/Users/adityapachauri/Desktop/claims-website/backend/node_modules/express/lib/router/route.js:119:3)
    at Layer.handle [as handle_request] (/Users/adityapachauri/Desktop/claims-website/backend/node_modules/express/lib/router/layer.js:95:5)
    at /Users/adityapachauri/Desktop/claims-website/backend/node_modules/express/lib/router/index.js:284:15
    at router.process_params (/Users/adityapachauri/Desktop/claims-website/backend/node_modules/express/lib/router/index.js:346:12)
    at next (/Users/adityapachauri/Desktop/claims-website/backend/node_modules/express/lib/router/index.js:280:10)
    at router.handle (/Users/adityapachauri/Desktop/claims-website/backend/node_modules/express/lib/router/index.js:175:3)
2026-02-01 01:47:33 [ERROR]: JsonWebTokenError: jwt malformed
    at module.exports [as verify] (/Users/adityapachauri/Desktop/claims-website/backend/node_modules/jsonwebtoken/verify.js:70:17)
    at protect (/Users/adityapachauri/Desktop/claims-website/backend/middleware/auth.js:24:29)
    at Layer.handle [as handle_request] (/Users/adityapachauri/Desktop/claims-website/backend/node_modules/express/lib/router/layer.js:95:5)
    at next (/Users/adityapachauri/Desktop/claims-website/backend/node_modules/express/lib/router/route.js:149:13)
    at Route.dispatch (/Users/adityapachauri/Desktop/claims-website/backend/node_modules/express/lib/router/route.js:119:3)
    at Layer.handle [as handle_request] (/Users/adityapachauri/Desktop/claims-website/backend/node_modules/express/lib/router/layer.js:95:5)
    at /Users/adityapachauri/Desktop/claims-website/backend/node_modules/express/lib/router/index.js:284:15
    at router.process_params (/Users/adityapachauri/Desktop/claims-website/backend/node_modules/express/lib/router/index.js:346:12)
    at next (/Users/adityapachauri/Desktop/claims-website/backend/node_modules/express/lib/router/index.js:280:10)
    at router.handle (/Users/adityapachauri/Desktop/claims-website/backend/node_modules/express/lib/router/index.js:175:3)
2026-02-01 01:47:33 [ERROR]: JsonWebTokenError: jwt malformed
    at module.exports [as verify] (/Users/adityapachauri/Desktop/claims-website/backend/node_modules/jsonwebtoken/verify.js:70:17)
    at protect (/Users/adityapachauri/Desktop/claims-website/backend/middleware/auth.js:24:29)
    at Layer.handle [as handle_request] (/Users/adityapachauri/Desktop/claims-website/backend/node_modules/express/lib/router/layer.js:95:5)
    at next (/Users/adityapachauri/Desktop/claims-website/backend/node_modules/express/lib/router/route.js:149:13)
    at Route.dispatch (/Users/adityapachauri/Desktop/claims-website/backend/node_modules/express/lib/router/route.js:119:3)
    at Layer.handle [as handle_request] (/Users/adityapachauri/Desktop/claims-website/backend/node_modules/express/lib/router/layer.js:95:5)
    at /Users/adityapachauri/Desktop/claims-website/backend/node_modules/express/lib/router/index.js:284:15
    at router.process_params (/Users/adityapachauri/Desktop/claims-website/backend/node_modules/express/lib/router/index.js:346:12)
    at next (/Users/adityapachauri/Desktop/claims-website/backend/node_modules/express/lib/router/index.js:280:10)
    at router.handle (/Users/adityapachauri/Desktop/claims-website/backend/node_modules/express/lib/router/index.js:175:3)
2026-02-01 01:47:37 [ERROR]: JsonWebTokenError: jwt malformed
    at module.exports [as verify] (/Users/adityapachauri/Desktop/claims-website/backend/node_modules/jsonwebtoken/verify.js:70:17)
    at protect (/Users/adityapachauri/Desktop/claims-website/backend/middleware/auth.js:24:29)
    at Layer.handle [as handle_request] (/Users/adityapachauri/Desktop/claims-website/backend/node_modules/express/lib/router/layer.js:95:5)
    at next (/Users/adityapachauri/Desktop/claims-website/backend/node_modules/express/lib/router/route.js:149:13)
    at Route.dispatch (/Users/adityapachauri/Desktop/claims-website/backend/node_modules/express/lib/router/route.js:119:3)
    at Layer.handle [as handle_request] (/Users/adityapachauri/Desktop/claims-website/backend/node_modules/express/lib/router/layer.js:95:5)
    at /Users/adityapachauri/Desktop/claims-website/backend/node_modules/express/lib/router/index.js:284:15
    at router.process_params (/Users/adityapachauri/Desktop/claims-website/backend/node_modules/express/lib/router/index.js:346:12)
    at next (/Users/adityapachauri/Desktop/claims-website/backend/node_modules/express/lib/router/index.js:280:10)
    at router.handle (/Users/adityapachauri/Desktop/claims-website/backend/node_modules/express/lib/router/index.js:175:3)
2026-02-01 01:47:37 [ERROR]: JsonWebTokenError: jwt malformed
    at module.exports [as verify] (/Users/adityapachauri/Desktop/claims-website/backend/node_modules/jsonwebtoken/verify.js:70:17)
    at protect (/Users/adityapachauri/Desktop/claims-website/backend/middleware/auth.js:24:29)
    at Layer.handle [as handle_request] (/Users/adityapachauri/Desktop/claims-website/backend/node_modules/express/lib/router/layer.js:95:5)
    at next (/Users/adityapachauri/Desktop/claims-website/backend/node_modules/express/lib/router/route.js:149:13)
    at Route.dispatch (/Users/adityapachauri/Desktop/claims-website/backend/node_modules/express/lib/router/route.js:119:3)
    at Layer.handle [as handle_request] (/Users/adityapachauri/Desktop/claims-website/backend/node_modules/express/lib/router/layer.js:95:5)
    at /Users/adityapachauri/Desktop/claims-website/backend/node_modules/express/lib/router/index.js:284:15
    at router.process_params (/Users/adityapachauri/Desktop/claims-website/backend/node_modules/express/lib/router/index.js:346:12)
    at next (/Users/adityapachauri/Desktop/claims-website/backend/node_modules/express/lib/router/index.js:280:10)
    at router.handle (/Users/adityapachauri/Desktop/claims-website/backend/node_modules/express/lib/router/index.js:175:3)
2026-02-01 01:47:37 [ERROR]: JsonWebTokenError: jwt malformed
    at module.exports [as verify] (/Users/adityapachauri/Desktop/claims-website/backend/node_modules/jsonwebtoken/verify.js:70:17)
    at protect (/Users/adityapachauri/Desktop/claims-website/backend/middleware/auth.js:24:29)
    at Layer.handle [as handle_request] (/Users/adityapachauri/Desktop/claims-website/backend/node_modules/express/lib/router/layer.js:95:5)
    at next (/Users/adityapachauri/Desktop/claims-website/backend/node_modules/express/lib/router/route.js:149:13)
    at Route.dispatch (/Users/adityapachauri/Desktop/claims-website/backend/node_modules/express/lib/router/route.js:119:3)
    at Layer.handle [as handle_request] (/Users/adityapachauri/Desktop/claims-website/backend/node_modules/express/lib/router/layer.js:95:5)
    at /Users/adityapachauri/Desktop/claims-website/backend/node_modules/express/lib/router/index.js:284:15
    at router.process_params (/Users/adityapachauri/Desktop/claims-website/backend/node_modules/express/lib/router/index.js:346:12)
    at next (/Users/adityapachauri/Desktop/claims-website/backend/node_modules/express/lib/router/index.js:280:10)
    at router.handle (/Users/adityapachauri/Desktop/claims-website/backend/node_modules/express/lib/router/index.js:175:3)
2026-02-01 01:47:37 [ERROR]: JsonWebTokenError: jwt malformed
    at module.exports [as verify] (/Users/adityapachauri/Desktop/claims-website/backend/node_modules/jsonwebtoken/verify.js:70:17)
    at protect (/Users/adityapachauri/Desktop/claims-website/backend/middleware/auth.js:24:29)
    at Layer.handle [as handle_request] (/Users/adityapachauri/Desktop/claims-website/backend/node_modules/express/lib/router/layer.js:95:5)
    at next (/Users/adityapachauri/Desktop/claims-website/backend/node_modules/express/lib/router/route.js:149:13)
    at Route.dispatch (/Users/adityapachauri/Desktop/claims-website/backend/node_modules/express/lib/router/route.js:119:3)
    at Layer.handle [as handle_request] (/Users/adityapachauri/Desktop/claims-website/backend/node_modules/express/lib/router/layer.js:95:5)
    at /Users/adityapachauri/Desktop/claims-website/backend/node_modules/express/lib/router/index.js:284:15
    at router.process_params (/Users/adityapachauri/Desktop/claims-website/backend/node_modules/express/lib/router/index.js:346:12)
    at next (/Users/adityapachauri/Desktop/claims-website/backend/node_modules/express/lib/router/index.js:280:10)
    at router.handle (/Users/adityapachauri/Desktop/claims-website/backend/node_modules/express/lib/router/index.js:175:3)
2026-02-01 01:47:38 [ERROR]: JsonWebTokenError: jwt malformed
    at module.exports [as verify] (/Users/adityapachauri/Desktop/claims-website/backend/node_modules/jsonwebtoken/verify.js:70:17)
    at protect (/Users/adityapachauri/Desktop/claims-website/backend/middleware/auth.js:24:29)
    at Layer.handle [as handle_request] (/Users/adityapachauri/Desktop/claims-website/backend/node_modules/express/lib/router/layer.js:95:5)
    at next (/Users/adityapachauri/Desktop/claims-website/backend/node_modules/express/lib/router/route.js:149:13)
    at Route.dispatch (/Users/adityapachauri/Desktop/claims-website/backend/node_modules/express/lib/router/route.js:119:3)
    at Layer.handle [as handle_request] (/Users/adityapachauri/Desktop/claims-website/backend/node_modules/express/lib/router/layer.js:95:5)
    at /Users/adityapachauri/Desktop/claims-website/backend/node_modules/express/lib/router/index.js:284:15
    at router.process_params (/Users/adityapachauri/Desktop/claims-website/backend/node_modules/express/lib/router/index.js:346:12)
    at next (/Users/adityapachauri/Desktop/claims-website/backend/node_modules/express/lib/router/index.js:280:10)
    at router.handle (/Users/adityapachauri/Desktop/claims-website/backend/node_modules/express/lib/router/index.js:175:3)
2026-02-01 01:47:38 [ERROR]: JsonWebTokenError: jwt malformed
    at module.exports [as verify] (/Users/adityapachauri/Desktop/claims-website/backend/node_modules/jsonwebtoken/verify.js:70:17)
    at protect (/Users/adityapachauri/Desktop/claims-website/backend/middleware/auth.js:24:29)
    at Layer.handle [as handle_request] (/Users/adityapachauri/Desktop/claims-website/backend/node_modules/express/lib/router/layer.js:95:5)
    at next (/Users/adityapachauri/Desktop/claims-website/backend/node_modules/express/lib/router/route.js:149:13)
    at Route.dispatch (/Users/adityapachauri/Desktop/claims-website/backend/node_modules/express/lib/router/route.js:119:3)
    at Layer.handle [as handle_request] (/Users/adityapachauri/Desktop/claims-website/backend/node_modules/express/lib/router/layer.js:95:5)
    at /Users/adityapachauri/Desktop/claims-website/backend/node_modules/express/lib/router/index.js:284:15
    at router.process_params (/Users/adityapachauri/Desktop/claims-website/backend/node_modules/express/lib/router/index.js:346:12)
    at next (/Users/adityapachauri/Desktop/claims-website/backend/node_modules/express/lib/router/index.js:280:10)
    at router.handle (/Users/adityapachauri/Desktop/claims-website/backend/node_modules/express/lib/router/index.js:175:3)
2026-02-01 01:47:38 [ERROR]: JsonWebTokenError: jwt malformed
    at module.exports [as verify] (/Users/adityapachauri/Desktop/claims-website/backend/node_modules/jsonwebtoken/verify.js:70:17)
    at protect (/Users/adityapachauri/Desktop/claims-website/backend/middleware/auth.js:24:29)
    at Layer.handle [as handle_request] (/Users/adityapachauri/Desktop/claims-website/backend/node_modules/express/lib/router/layer.js:95:5)
    at next (/Users/adityapachauri/Desktop/claims-website/backend/node_modules/express/lib/router/route.js:149:13)
    at Route.dispatch (/Users/adityapachauri/Desktop/claims-website/backend/node_modules/express/lib/router/route.js:119:3)
    at Layer.handle [as handle_request] (/Users/adityapachauri/Desktop/claims-website/backend/node_modules/express/lib/router/layer.js:95:5)
    at /Users/adityapachauri/Desktop/claims-website/backend/node_modules/express/lib/router/index.js:284:15
    at router.process_params (/Users/adityapachauri/Desktop/claims-website/backend/node_modules/express/lib/router/index.js:346:12)
    at next (/Users/adityapachauri/Desktop/claims-website/backend/node_modules/express/lib/router/index.js:280:10)
    at router.handle (/Users/adityapachauri/Desktop/claims-website/backend/node_modules/express/lib/router/index.js:175:3)
2026-02-01 01:47:39 [ERROR]: JsonWebTokenError: jwt malformed
    at module.exports [as verify] (/Users/adityapachauri/Desktop/claims-website/backend/node_modules/jsonwebtoken/verify.js:70:17)
    at protect (/Users/adityapachauri/Desktop/claims-website/backend/middleware/auth.js:24:29)
    at Layer.handle [as handle_request] (/Users/adityapachauri/Desktop/claims-website/backend/node_modules/express/lib/router/layer.js:95:5)
    at next (/Users/adityapachauri/Desktop/claims-website/backend/node_modules/express/lib/router/route.js:149:13)
    at Route.dispatch (/Users/adityapachauri/Desktop/claims-website/backend/node_modules/express/lib/router/route.js:119:3)
    at Layer.handle [as handle_request] (/Users/adityapachauri/Desktop/claims-website/backend/node_modules/express/lib/router/layer.js:95:5)
    at /Users/adityapachauri/Desktop/claims-website/backend/node_modules/express/lib/router/index.js:284:15
    at router.process_params (/Users/adityapachauri/Desktop/claims-website/backend/node_modules/express/lib/router/index.js:346:12)
    at next (/Users/adityapachauri/Desktop/claims-website/backend/node_modules/express/lib/router/index.js:280:10)
    at router.handle (/Users/adityapachauri/Desktop/claims-website/backend/node_modules/express/lib/router/index.js:175:3)
2026-02-01 01:51:08 [ERROR]: JsonWebTokenError: jwt malformed
    at module.exports [as verify] (/Users/adityapachauri/Desktop/claims-website/backend/node_modules/jsonwebtoken/verify.js:70:17)
    at protect (/Users/adityapachauri/Desktop/claims-website/backend/middleware/auth.js:24:29)
    at Layer.handle [as handle_request] (/Users/adityapachauri/Desktop/claims-website/backend/node_modules/express/lib/router/layer.js:95:5)
    at next (/Users/adityapachauri/Desktop/claims-website/backend/node_modules/express/lib/router/route.js:149:13)
    at Route.dispatch (/Users/adityapachauri/Desktop/claims-website/backend/node_modules/express/lib/router/route.js:119:3)
    at Layer.handle [as handle_request] (/Users/adityapachauri/Desktop/claims-website/backend/node_modules/express/lib/router/layer.js:95:5)
    at /Users/adityapachauri/Desktop/claims-website/backend/node_modules/express/lib/router/index.js:284:15
    at router.process_params (/Users/adityapachauri/Desktop/claims-website/backend/node_modules/express/lib/router/index.js:346:12)
    at next (/Users/adityapachauri/Desktop/claims-website/backend/node_modules/express/lib/router/index.js:280:10)
    at router.handle (/Users/adityapachauri/Desktop/claims-website/backend/node_modules/express/lib/router/index.js:175:3)
2026-02-01 01:51:09 [ERROR]: JsonWebTokenError: jwt malformed
    at module.exports [as verify] (/Users/adityapachauri/Desktop/claims-website/backend/node_modules/jsonwebtoken/verify.js:70:17)
    at protect (/Users/adityapachauri/Desktop/claims-website/backend/middleware/auth.js:24:29)
    at Layer.handle [as handle_request] (/Users/adityapachauri/Desktop/claims-website/backend/node_modules/express/lib/router/layer.js:95:5)
    at next (/Users/adityapachauri/Desktop/claims-website/backend/node_modules/express/lib/router/route.js:149:13)
    at Route.dispatch (/Users/adityapachauri/Desktop/claims-website/backend/node_modules/express/lib/router/route.js:119:3)
    at Layer.handle [as handle_request] (/Users/adityapachauri/Desktop/claims-website/backend/node_modules/express/lib/router/layer.js:95:5)
    at /Users/adityapachauri/Desktop/claims-website/backend/node_modules/express/lib/router/index.js:284:15
    at router.process_params (/Users/adityapachauri/Desktop/claims-website/backend/node_modules/express/lib/router/index.js:346:12)
    at next (/Users/adityapachauri/Desktop/claims-website/backend/node_modules/express/lib/router/index.js:280:10)
    at router.handle (/Users/adityapachauri/Desktop/claims-website/backend/node_modules/express/lib/router/index.js:175:3)
2026-02-01 01:51:10 [ERROR]: JsonWebTokenError: jwt malformed
    at module.exports [as verify] (/Users/adityapachauri/Desktop/claims-website/backend/node_modules/jsonwebtoken/verify.js:70:17)
    at protect (/Users/adityapachauri/Desktop/claims-website/backend/middleware/auth.js:24:29)
    at Layer.handle [as handle_request] (/Users/adityapachauri/Desktop/claims-website/backend/node_modules/express/lib/router/layer.js:95:5)
    at next (/Users/adityapachauri/Desktop/claims-website/backend/node_modules/express/lib/router/route.js:149:13)
    at Route.dispatch (/Users/adityapachauri/Desktop/claims-website/backend/node_modules/express/lib/router/route.js:119:3)
    at Layer.handle [as handle_request] (/Users/adityapachauri/Desktop/claims-website/backend/node_modules/express/lib/router/layer.js:95:5)
    at /Users/adityapachauri/Desktop/claims-website/backend/node_modules/express/lib/router/index.js:284:15
    at router.process_params (/Users/adityapachauri/Desktop/claims-website/backend/node_modules/express/lib/router/index.js:346:12)
    at next (/Users/adityapachauri/Desktop/claims-website/backend/node_modules/express/lib/router/index.js:280:10)
    at router.handle (/Users/adityapachauri/Desktop/claims-website/backend/node_modules/express/lib/router/index.js:175:3)
2026-02-01 01:51:10 [ERROR]: JsonWebTokenError: jwt malformed
    at module.exports [as verify] (/Users/adityapachauri/Desktop/claims-website/backend/node_modules/jsonwebtoken/verify.js:70:17)
    at protect (/Users/adityapachauri/Desktop/claims-website/backend/middleware/auth.js:24:29)
    at Layer.handle [as handle_request] (/Users/adityapachauri/Desktop/claims-website/backend/node_modules/express/lib/router/layer.js:95:5)
    at next (/Users/adityapachauri/Desktop/claims-website/backend/node_modules/express/lib/router/route.js:149:13)
    at Route.dispatch (/Users/adityapachauri/Desktop/claims-website/backend/node_modules/express/lib/router/route.js:119:3)
    at Layer.handle [as handle_request] (/Users/adityapachauri/Desktop/claims-website/backend/node_modules/express/lib/router/layer.js:95:5)
    at /Users/adityapachauri/Desktop/claims-website/backend/node_modules/express/lib/router/index.js:284:15
    at router.process_params (/Users/adityapachauri/Desktop/claims-website/backend/node_modules/express/lib/router/index.js:346:12)
    at next (/Users/adityapachauri/Desktop/claims-website/backend/node_modules/express/lib/router/index.js:280:10)
    at router.handle (/Users/adityapachauri/Desktop/claims-website/backend/node_modules/express/lib/router/index.js:175:3)
2026-02-01 01:51:19 [ERROR]: JsonWebTokenError: jwt malformed
    at module.exports [as verify] (/Users/adityapachauri/Desktop/claims-website/backend/node_modules/jsonwebtoken/verify.js:70:17)
    at protect (/Users/adityapachauri/Desktop/claims-website/backend/middleware/auth.js:24:29)
    at Layer.handle [as handle_request] (/Users/adityapachauri/Desktop/claims-website/backend/node_modules/express/lib/router/layer.js:95:5)
    at next (/Users/adityapachauri/Desktop/claims-website/backend/node_modules/express/lib/router/route.js:149:13)
    at Route.dispatch (/Users/adityapachauri/Desktop/claims-website/backend/node_modules/express/lib/router/route.js:119:3)
    at Layer.handle [as handle_request] (/Users/adityapachauri/Desktop/claims-website/backend/node_modules/express/lib/router/layer.js:95:5)
    at /Users/adityapachauri/Desktop/claims-website/backend/node_modules/express/lib/router/index.js:284:15
    at router.process_params (/Users/adityapachauri/Desktop/claims-website/backend/node_modules/express/lib/router/index.js:346:12)
    at next (/Users/adityapachauri/Desktop/claims-website/backend/node_modules/express/lib/router/index.js:280:10)
    at router.handle (/Users/adityapachauri/Desktop/claims-website/backend/node_modules/express/lib/router/index.js:175:3)
2026-02-01 01:51:19 [ERROR]: JsonWebTokenError: jwt malformed
    at module.exports [as verify] (/Users/adityapachauri/Desktop/claims-website/backend/node_modules/jsonwebtoken/verify.js:70:17)
    at protect (/Users/adityapachauri/Desktop/claims-website/backend/middleware/auth.js:24:29)
    at Layer.handle [as handle_request] (/Users/adityapachauri/Desktop/claims-website/backend/node_modules/express/lib/router/layer.js:95:5)
    at next (/Users/adityapachauri/Desktop/claims-website/backend/node_modules/express/lib/router/route.js:149:13)
    at Route.dispatch (/Users/adityapachauri/Desktop/claims-website/backend/node_modules/express/lib/router/route.js:119:3)
    at Layer.handle [as handle_request] (/Users/adityapachauri/Desktop/claims-website/backend/node_modules/express/lib/router/layer.js:95:5)
    at /Users/adityapachauri/Desktop/claims-website/backend/node_modules/express/lib/router/index.js:284:15
    at router.process_params (/Users/adityapachauri/Desktop/claims-website/backend/node_modules/express/lib/router/index.js:346:12)
    at next (/Users/adityapachauri/Desktop/claims-website/backend/node_modules/express/lib/router/index.js:280:10)
    at router.handle (/Users/adityapachauri/Desktop/claims-website/backend/node_modules/express/lib/router/index.js:175:3)
2026-02-01 01:51:19 [ERROR]: JsonWebTokenError: jwt malformed
    at module.exports [as verify] (/Users/adityapachauri/Desktop/claims-website/backend/node_modules/jsonwebtoken/verify.js:70:17)
    at protect (/Users/adityapachauri/Desktop/claims-website/backend/middleware/auth.js:24:29)
    at Layer.handle [as handle_request] (/Users/adityapachauri/Desktop/claims-website/backend/node_modules/express/lib/router/layer.js:95:5)
    at next (/Users/adityapachauri/Desktop/claims-website/backend/node_modules/express/lib/router/route.js:149:13)
    at Route.dispatch (/Users/adityapachauri/Desktop/claims-website/backend/node_modules/express/lib/router/route.js:119:3)
    at Layer.handle [as handle_request] (/Users/adityapachauri/Desktop/claims-website/backend/node_modules/express/lib/router/layer.js:95:5)
    at /Users/adityapachauri/Desktop/claims-website/backend/node_modules/express/lib/router/index.js:284:15
    at router.process_params (/Users/adityapachauri/Desktop/claims-website/backend/node_modules/express/lib/router/index.js:346:12)
    at next (/Users/adityapachauri/Desktop/claims-website/backend/node_modules/express/lib/router/index.js:280:10)
    at router.handle (/Users/adityapachauri/Desktop/claims-website/backend/node_modules/express/lib/router/index.js:175:3)
2026-02-01 01:51:19 [ERROR]: JsonWebTokenError: jwt malformed
    at module.exports [as verify] (/Users/adityapachauri/Desktop/claims-website/backend/node_modules/jsonwebtoken/verify.js:70:17)
    at protect (/Users/adityapachauri/Desktop/claims-website/backend/middleware/auth.js:24:29)
    at Layer.handle [as handle_request] (/Users/adityapachauri/Desktop/claims-website/backend/node_modules/express/lib/router/layer.js:95:5)
    at next (/Users/adityapachauri/Desktop/claims-website/backend/node_modules/express/lib/router/route.js:149:13)
    at Route.dispatch (/Users/adityapachauri/Desktop/claims-website/backend/node_modules/express/lib/router/route.js:119:3)
    at Layer.handle [as handle_request] (/Users/adityapachauri/Desktop/claims-website/backend/node_modules/express/lib/router/layer.js:95:5)
    at /Users/adityapachauri/Desktop/claims-website/backend/node_modules/express/lib/router/index.js:284:15
    at router.process_params (/Users/adityapachauri/Desktop/claims-website/backend/node_modules/express/lib/router/index.js:346:12)
    at next (/Users/adityapachauri/Desktop/claims-website/backend/node_modules/express/lib/router/index.js:280:10)
    at router.handle (/Users/adityapachauri/Desktop/claims-website/backend/node_modules/express/lib/router/index.js:175:3)
